#
# There is insufficient memory for the Java Runtime Environment to continue.
# Native memory allocation (malloc) failed to allocate 356592 bytes for Chunk::new
# Possible reasons:
#   The system is out of physical RAM or swap space
#   The process is running with CompressedOops enabled, and the Java Heap may be blocking the growth of the native heap
# Possible solutions:
#   Reduce memory load on the system
#   Increase physical memory or swap space
#   Check if swap backing store is full
#   Decrease Java heap size (-Xmx/-Xms)
#   Decrease number of Java threads
#   Decrease Java thread stack sizes (-Xss)
#   Set larger code cache with -XX:ReservedCodeCacheSize=
#   JVM is running with Unscaled Compressed Oops mode in which the Java heap is
#     placed in the first 4GB address space. The Java Heap base address is the
#     maximum limit for the native heap growth. Please use -XX:HeapBaseMinAddress
#     to set the Java Heap base and to place the Java Heap above 4GB virtual address.
# This output file may be truncated or incomplete.
#
#  Out of Memory Error (arena.cpp:168), pid=15700, tid=28160
#
# JRE version: Java(TM) SE Runtime Environment (21.0.1+12) (build 21.0.1+12-LTS-29)
# Java VM: Java HotSpot(TM) 64-Bit Server VM (21.0.1+12-LTS-29, mixed mode, sharing, tiered, compressed oops, compressed class ptrs, g1 gc, windows-amd64)
# No core dump will be written. Minidumps are not enabled by default on client versions of Windows
#

---------------  S U M M A R Y ------------

Command Line: -Dfile.encoding=UTF-8 -Dstdout.encoding=UTF-8 -Dstderr.encoding=UTF-8 -XX:+ShowCodeDetailsInExceptionMessages com.hallbookingdriver.Driver

Host: 12th Gen Intel(R) Core(TM) i5-1235U, 12 cores, 7G,  Windows 11 , 64 bit Build 22621 (10.0.22621.3085)
Time: Fri Feb 23 15:26:57 2024 India Standard Time elapsed time: 12.938856 seconds (0d 0h 0m 12s)

---------------  T H R E A D  ---------------

Current thread (0x0000026131a1ded0):  JavaThread "C2 CompilerThread0" daemon [_thread_in_native, id=28160, stack(0x000000f50c100000,0x000000f50c200000) (1024K)]


Current CompileTask:
C2:  12938 1359 % !   4       java.util.concurrent.ConcurrentHashMap::transfer @ 96 (849 bytes)

Stack: [0x000000f50c100000,0x000000f50c200000]
Native frames: (J=compiled Java code, j=interpreted, Vv=VM code, C=native code)
V  [jvm.dll+0x6c9029]
V  [jvm.dll+0x854b81]
V  [jvm.dll+0x856e5e]
V  [jvm.dll+0x857543]
V  [jvm.dll+0x280c06]
V  [jvm.dll+0xc3ead]
V  [jvm.dll+0xc43c3]
V  [jvm.dll+0x3b576c]
V  [jvm.dll+0x382475]
V  [jvm.dll+0x3818ea]
V  [jvm.dll+0x249ad0]
V  [jvm.dll+0x2490b1]
V  [jvm.dll+0x1c9ca1]
V  [jvm.dll+0x2586b9]
V  [jvm.dll+0x256c9a]
V  [jvm.dll+0x3ef1b6]
V  [jvm.dll+0x7fd728]
V  [jvm.dll+0x6c777d]
C  [ucrtbase.dll+0x29363]
C  [KERNEL32.DLL+0x1257d]
C  [ntdll.dll+0x5aa58]


---------------  P R O C E S S  ---------------

Threads class SMR info:
_java_thread_list=0x0000026177d2b210, length=16, elements={
0x0000026112b083a0, 0x0000026131a09c50, 0x0000026131a0cd80, 0x0000026131a11f60,
0x0000026131a14ba0, 0x0000026131a15b60, 0x0000026131a16c50, 0x0000026131a1ded0,
0x0000026131a40800, 0x0000026131cbb260, 0x0000026131cc16f0, 0x0000026131f2e3b0,
0x000002617717a2d0, 0x000002617758ca10, 0x00000261776e1f30, 0x0000026177d2e8b0
}

Java Threads: ( => current thread )
  0x0000026112b083a0 JavaThread "main"                              [_thread_in_vm, id=29256, stack(0x000000f50b300000,0x000000f50b400000) (1024K)]
  0x0000026131a09c50 JavaThread "Reference Handler"          daemon [_thread_blocked, id=24000, stack(0x000000f50bb00000,0x000000f50bc00000) (1024K)]
  0x0000026131a0cd80 JavaThread "Finalizer"                  daemon [_thread_blocked, id=27744, stack(0x000000f50bc00000,0x000000f50bd00000) (1024K)]
  0x0000026131a11f60 JavaThread "Signal Dispatcher"          daemon [_thread_blocked, id=29012, stack(0x000000f50bd00000,0x000000f50be00000) (1024K)]
  0x0000026131a14ba0 JavaThread "Attach Listener"            daemon [_thread_blocked, id=29036, stack(0x000000f50be00000,0x000000f50bf00000) (1024K)]
  0x0000026131a15b60 JavaThread "Service Thread"             daemon [_thread_blocked, id=18484, stack(0x000000f50bf00000,0x000000f50c000000) (1024K)]
  0x0000026131a16c50 JavaThread "Monitor Deflation Thread"   daemon [_thread_blocked, id=28580, stack(0x000000f50c000000,0x000000f50c100000) (1024K)]
=>0x0000026131a1ded0 JavaThread "C2 CompilerThread0"         daemon [_thread_in_native, id=28160, stack(0x000000f50c100000,0x000000f50c200000) (1024K)]
  0x0000026131a40800 JavaThread "C1 CompilerThread0"         daemon [_thread_in_vm, id=19524, stack(0x000000f50c200000,0x000000f50c300000) (1024K)]
  0x0000026131cbb260 JavaThread "Notification Thread"        daemon [_thread_blocked, id=28168, stack(0x000000f50c300000,0x000000f50c400000) (1024K)]
  0x0000026131cc16f0 JavaThread "Common-Cleaner"             daemon [_thread_blocked, id=12348, stack(0x000000f50c400000,0x000000f50c500000) (1024K)]
  0x0000026131f2e3b0 JavaThread "C2 CompilerThread1"         daemon [_thread_blocked, id=24544, stack(0x000000f50c500000,0x000000f50c600000) (1024K)]
  0x000002617717a2d0 JavaThread "C2 CompilerThread2"         daemon [_thread_blocked, id=29652, stack(0x000000f50c600000,0x000000f50c700000) (1024K)]
  0x000002617758ca10 JavaThread "oracle.jdbc.driver.BlockSource.ThreadedCachingBlockSource.BlockReleaser" daemon [_thread_blocked, id=13212, stack(0x000000f50c700000,0x000000f50c800000) (1024K)]
  0x00000261776e1f30 JavaThread "InterruptTimer"             daemon [_thread_blocked, id=30524, stack(0x000000f50c800000,0x000000f50c900000) (1024K)]
  0x0000026177d2e8b0 JavaThread "OJDBC-WORKER-THREAD-1"      daemon [_thread_blocked, id=21060, stack(0x000000f50c900000,0x000000f50ca00000) (1024K)]
Total: 16

Other Threads:
  0x00000261319eda00 VMThread "VM Thread"                           [id=28324, stack(0x000000f50ba00000,0x000000f50bb00000) (1024K)]
  0x00000261319d48f0 WatcherThread "VM Periodic Task Thread"        [id=14808, stack(0x000000f50b900000,0x000000f50ba00000) (1024K)]
  0x0000026114dd8270 WorkerThread "GC Thread#0"                     [id=18716, stack(0x000000f50b400000,0x000000f50b500000) (1024K)]
  0x0000026114de90a0 ConcurrentGCThread "G1 Main Marker"            [id=23528, stack(0x000000f50b500000,0x000000f50b600000) (1024K)]
  0x0000026114de9ba0 WorkerThread "G1 Conc#0"                       [id=29088, stack(0x000000f50b600000,0x000000f50b700000) (1024K)]
  0x00000261318a8100 ConcurrentGCThread "G1 Refine#0"               [id=30468, stack(0x000000f50b700000,0x000000f50b800000) (1024K)]
  0x00000261318a9930 ConcurrentGCThread "G1 Service"                [id=26136, stack(0x000000f50b800000,0x000000f50b900000) (1024K)]
Total: 7

Threads with active compile tasks:
C2 CompilerThread0    12965 1359 % !   4       java.util.concurrent.ConcurrentHashMap::transfer @ 96 (849 bytes)
C1 CompilerThread0    12965 1402       3       java.net.URLStreamHandler::sameFile (136 bytes)
Total: 2

VM state: not at safepoint (normal execution)

VM Mutex/Monitor currently owned by a thread:  ([mutex/lock_event])
[0x00007fff87db9178] MethodCompileQueue_lock - owner thread: 0x0000000000000000

Heap address: 0x0000000084e00000, size: 1970 MB, Compressed Oops mode: 32-bit

CDS archive(s) mapped at: [0x0000026132000000-0x0000026132c90000-0x0000026132c90000), size 13172736, SharedBaseAddress: 0x0000026132000000, ArchiveRelocationMode: 1.
Compressed class space mapped at: 0x0000026133000000-0x0000026173000000, reserved size: 1073741824
Narrow klass base: 0x0000026132000000, Narrow klass shift: 0, Narrow klass range: 0x100000000

GC Precious Log:
 CardTable entry size: 512
 Card Set container configuration: InlinePtr #cards 5 size 8 Array Of Cards #cards 12 size 40 Howl #buckets 4 coarsen threshold 1843 Howl Bitmap #cards 512 size 80 coarsen threshold 460 Card regions per heap region 1 cards per card region 2048
 CPUs: 12 total, 12 available
 Memory: 7876M
 Large Page Support: Disabled
 NUMA Support: Disabled
 Compressed Oops: Enabled (32-bit)
 Heap Region Size: 1M
 Heap Min Capacity: 8M
 Heap Initial Capacity: 124M
 Heap Max Capacity: 1970M
 Pre-touch: Disabled
 Parallel Workers: 10
 Concurrent Workers: 3
 Concurrent Refinement Workers: 10
 Periodic GC: Disabled

Heap:
 garbage-first heap   total 126976K, used 21504K [0x0000000084e00000, 0x0000000100000000)
  region size 1024K, 23 young (23552K), 0 survivors (0K)
 Metaspace       used 11101K, committed 11328K, reserved 1114112K
  class space    used 1162K, committed 1280K, reserved 1048576K

Heap Regions: E=young(eden), S=young(survivor), O=old, HS=humongous(starts), HC=humongous(continues), CS=collection set, F=free, TAMS=top-at-mark-start, PB=parsable bottom
|   0|0x0000000084e00000, 0x0000000084e00000, 0x0000000084f00000|  0%| F|  |TAMS 0x0000000084e00000| PB 0x0000000084e00000| Untracked 
|   1|0x0000000084f00000, 0x0000000084f00000, 0x0000000085000000|  0%| F|  |TAMS 0x0000000084f00000| PB 0x0000000084f00000| Untracked 
|   2|0x0000000085000000, 0x0000000085000000, 0x0000000085100000|  0%| F|  |TAMS 0x0000000085000000| PB 0x0000000085000000| Untracked 
|   3|0x0000000085100000, 0x0000000085100000, 0x0000000085200000|  0%| F|  |TAMS 0x0000000085100000| PB 0x0000000085100000| Untracked 
|   4|0x0000000085200000, 0x0000000085200000, 0x0000000085300000|  0%| F|  |TAMS 0x0000000085200000| PB 0x0000000085200000| Untracked 
|   5|0x0000000085300000, 0x0000000085300000, 0x0000000085400000|  0%| F|  |TAMS 0x0000000085300000| PB 0x0000000085300000| Untracked 
|   6|0x0000000085400000, 0x0000000085400000, 0x0000000085500000|  0%| F|  |TAMS 0x0000000085400000| PB 0x0000000085400000| Untracked 
|   7|0x0000000085500000, 0x0000000085500000, 0x0000000085600000|  0%| F|  |TAMS 0x0000000085500000| PB 0x0000000085500000| Untracked 
|   8|0x0000000085600000, 0x0000000085600000, 0x0000000085700000|  0%| F|  |TAMS 0x0000000085600000| PB 0x0000000085600000| Untracked 
|   9|0x0000000085700000, 0x0000000085700000, 0x0000000085800000|  0%| F|  |TAMS 0x0000000085700000| PB 0x0000000085700000| Untracked 
|  10|0x0000000085800000, 0x0000000085800000, 0x0000000085900000|  0%| F|  |TAMS 0x0000000085800000| PB 0x0000000085800000| Untracked 
|  11|0x0000000085900000, 0x0000000085900000, 0x0000000085a00000|  0%| F|  |TAMS 0x0000000085900000| PB 0x0000000085900000| Untracked 
|  12|0x0000000085a00000, 0x0000000085a00000, 0x0000000085b00000|  0%| F|  |TAMS 0x0000000085a00000| PB 0x0000000085a00000| Untracked 
|  13|0x0000000085b00000, 0x0000000085b00000, 0x0000000085c00000|  0%| F|  |TAMS 0x0000000085b00000| PB 0x0000000085b00000| Untracked 
|  14|0x0000000085c00000, 0x0000000085c00000, 0x0000000085d00000|  0%| F|  |TAMS 0x0000000085c00000| PB 0x0000000085c00000| Untracked 
|  15|0x0000000085d00000, 0x0000000085d00000, 0x0000000085e00000|  0%| F|  |TAMS 0x0000000085d00000| PB 0x0000000085d00000| Untracked 
|  16|0x0000000085e00000, 0x0000000085e00000, 0x0000000085f00000|  0%| F|  |TAMS 0x0000000085e00000| PB 0x0000000085e00000| Untracked 
|  17|0x0000000085f00000, 0x0000000085f00000, 0x0000000086000000|  0%| F|  |TAMS 0x0000000085f00000| PB 0x0000000085f00000| Untracked 
|  18|0x0000000086000000, 0x0000000086000000, 0x0000000086100000|  0%| F|  |TAMS 0x0000000086000000| PB 0x0000000086000000| Untracked 
|  19|0x0000000086100000, 0x0000000086100000, 0x0000000086200000|  0%| F|  |TAMS 0x0000000086100000| PB 0x0000000086100000| Untracked 
|  20|0x0000000086200000, 0x0000000086200000, 0x0000000086300000|  0%| F|  |TAMS 0x0000000086200000| PB 0x0000000086200000| Untracked 
|  21|0x0000000086300000, 0x0000000086300000, 0x0000000086400000|  0%| F|  |TAMS 0x0000000086300000| PB 0x0000000086300000| Untracked 
|  22|0x0000000086400000, 0x0000000086400000, 0x0000000086500000|  0%| F|  |TAMS 0x0000000086400000| PB 0x0000000086400000| Untracked 
|  23|0x0000000086500000, 0x0000000086500000, 0x0000000086600000|  0%| F|  |TAMS 0x0000000086500000| PB 0x0000000086500000| Untracked 
|  24|0x0000000086600000, 0x0000000086600000, 0x0000000086700000|  0%| F|  |TAMS 0x0000000086600000| PB 0x0000000086600000| Untracked 
|  25|0x0000000086700000, 0x0000000086700000, 0x0000000086800000|  0%| F|  |TAMS 0x0000000086700000| PB 0x0000000086700000| Untracked 
|  26|0x0000000086800000, 0x0000000086800000, 0x0000000086900000|  0%| F|  |TAMS 0x0000000086800000| PB 0x0000000086800000| Untracked 
|  27|0x0000000086900000, 0x0000000086900000, 0x0000000086a00000|  0%| F|  |TAMS 0x0000000086900000| PB 0x0000000086900000| Untracked 
|  28|0x0000000086a00000, 0x0000000086a00000, 0x0000000086b00000|  0%| F|  |TAMS 0x0000000086a00000| PB 0x0000000086a00000| Untracked 
|  29|0x0000000086b00000, 0x0000000086b00000, 0x0000000086c00000|  0%| F|  |TAMS 0x0000000086b00000| PB 0x0000000086b00000| Untracked 
|  30|0x0000000086c00000, 0x0000000086c00000, 0x0000000086d00000|  0%| F|  |TAMS 0x0000000086c00000| PB 0x0000000086c00000| Untracked 
|  31|0x0000000086d00000, 0x0000000086d00000, 0x0000000086e00000|  0%| F|  |TAMS 0x0000000086d00000| PB 0x0000000086d00000| Untracked 
|  32|0x0000000086e00000, 0x0000000086e00000, 0x0000000086f00000|  0%| F|  |TAMS 0x0000000086e00000| PB 0x0000000086e00000| Untracked 
|  33|0x0000000086f00000, 0x0000000086f00000, 0x0000000087000000|  0%| F|  |TAMS 0x0000000086f00000| PB 0x0000000086f00000| Untracked 
|  34|0x0000000087000000, 0x0000000087000000, 0x0000000087100000|  0%| F|  |TAMS 0x0000000087000000| PB 0x0000000087000000| Untracked 
|  35|0x0000000087100000, 0x0000000087100000, 0x0000000087200000|  0%| F|  |TAMS 0x0000000087100000| PB 0x0000000087100000| Untracked 
|  36|0x0000000087200000, 0x0000000087200000, 0x0000000087300000|  0%| F|  |TAMS 0x0000000087200000| PB 0x0000000087200000| Untracked 
|  37|0x0000000087300000, 0x0000000087300000, 0x0000000087400000|  0%| F|  |TAMS 0x0000000087300000| PB 0x0000000087300000| Untracked 
|  38|0x0000000087400000, 0x0000000087400000, 0x0000000087500000|  0%| F|  |TAMS 0x0000000087400000| PB 0x0000000087400000| Untracked 
|  39|0x0000000087500000, 0x0000000087500000, 0x0000000087600000|  0%| F|  |TAMS 0x0000000087500000| PB 0x0000000087500000| Untracked 
|  40|0x0000000087600000, 0x0000000087600000, 0x0000000087700000|  0%| F|  |TAMS 0x0000000087600000| PB 0x0000000087600000| Untracked 
|  41|0x0000000087700000, 0x0000000087700000, 0x0000000087800000|  0%| F|  |TAMS 0x0000000087700000| PB 0x0000000087700000| Untracked 
|  42|0x0000000087800000, 0x0000000087800000, 0x0000000087900000|  0%| F|  |TAMS 0x0000000087800000| PB 0x0000000087800000| Untracked 
|  43|0x0000000087900000, 0x0000000087900000, 0x0000000087a00000|  0%| F|  |TAMS 0x0000000087900000| PB 0x0000000087900000| Untracked 
|  44|0x0000000087a00000, 0x0000000087a00000, 0x0000000087b00000|  0%| F|  |TAMS 0x0000000087a00000| PB 0x0000000087a00000| Untracked 
|  45|0x0000000087b00000, 0x0000000087b00000, 0x0000000087c00000|  0%| F|  |TAMS 0x0000000087b00000| PB 0x0000000087b00000| Untracked 
|  46|0x0000000087c00000, 0x0000000087c00000, 0x0000000087d00000|  0%| F|  |TAMS 0x0000000087c00000| PB 0x0000000087c00000| Untracked 
|  47|0x0000000087d00000, 0x0000000087d00000, 0x0000000087e00000|  0%| F|  |TAMS 0x0000000087d00000| PB 0x0000000087d00000| Untracked 
|  48|0x0000000087e00000, 0x0000000087e00000, 0x0000000087f00000|  0%| F|  |TAMS 0x0000000087e00000| PB 0x0000000087e00000| Untracked 
|  49|0x0000000087f00000, 0x0000000087f00000, 0x0000000088000000|  0%| F|  |TAMS 0x0000000087f00000| PB 0x0000000087f00000| Untracked 
|  50|0x0000000088000000, 0x0000000088000000, 0x0000000088100000|  0%| F|  |TAMS 0x0000000088000000| PB 0x0000000088000000| Untracked 
|  51|0x0000000088100000, 0x0000000088100000, 0x0000000088200000|  0%| F|  |TAMS 0x0000000088100000| PB 0x0000000088100000| Untracked 
|  52|0x0000000088200000, 0x0000000088200000, 0x0000000088300000|  0%| F|  |TAMS 0x0000000088200000| PB 0x0000000088200000| Untracked 
|  53|0x0000000088300000, 0x0000000088300000, 0x0000000088400000|  0%| F|  |TAMS 0x0000000088300000| PB 0x0000000088300000| Untracked 
|  54|0x0000000088400000, 0x0000000088400000, 0x0000000088500000|  0%| F|  |TAMS 0x0000000088400000| PB 0x0000000088400000| Untracked 
|  55|0x0000000088500000, 0x0000000088500000, 0x0000000088600000|  0%| F|  |TAMS 0x0000000088500000| PB 0x0000000088500000| Untracked 
|  56|0x0000000088600000, 0x0000000088600000, 0x0000000088700000|  0%| F|  |TAMS 0x0000000088600000| PB 0x0000000088600000| Untracked 
|  57|0x0000000088700000, 0x0000000088700000, 0x0000000088800000|  0%| F|  |TAMS 0x0000000088700000| PB 0x0000000088700000| Untracked 
|  58|0x0000000088800000, 0x0000000088800000, 0x0000000088900000|  0%| F|  |TAMS 0x0000000088800000| PB 0x0000000088800000| Untracked 
|  59|0x0000000088900000, 0x0000000088900000, 0x0000000088a00000|  0%| F|  |TAMS 0x0000000088900000| PB 0x0000000088900000| Untracked 
|  60|0x0000000088a00000, 0x0000000088a00000, 0x0000000088b00000|  0%| F|  |TAMS 0x0000000088a00000| PB 0x0000000088a00000| Untracked 
|  61|0x0000000088b00000, 0x0000000088b00000, 0x0000000088c00000|  0%| F|  |TAMS 0x0000000088b00000| PB 0x0000000088b00000| Untracked 
|  62|0x0000000088c00000, 0x0000000088c00000, 0x0000000088d00000|  0%| F|  |TAMS 0x0000000088c00000| PB 0x0000000088c00000| Untracked 
|  63|0x0000000088d00000, 0x0000000088d00000, 0x0000000088e00000|  0%| F|  |TAMS 0x0000000088d00000| PB 0x0000000088d00000| Untracked 
|  64|0x0000000088e00000, 0x0000000088e00000, 0x0000000088f00000|  0%| F|  |TAMS 0x0000000088e00000| PB 0x0000000088e00000| Untracked 
|  65|0x0000000088f00000, 0x0000000088f00000, 0x0000000089000000|  0%| F|  |TAMS 0x0000000088f00000| PB 0x0000000088f00000| Untracked 
|  66|0x0000000089000000, 0x0000000089000000, 0x0000000089100000|  0%| F|  |TAMS 0x0000000089000000| PB 0x0000000089000000| Untracked 
|  67|0x0000000089100000, 0x0000000089100000, 0x0000000089200000|  0%| F|  |TAMS 0x0000000089100000| PB 0x0000000089100000| Untracked 
|  68|0x0000000089200000, 0x0000000089200000, 0x0000000089300000|  0%| F|  |TAMS 0x0000000089200000| PB 0x0000000089200000| Untracked 
|  69|0x0000000089300000, 0x0000000089300000, 0x0000000089400000|  0%| F|  |TAMS 0x0000000089300000| PB 0x0000000089300000| Untracked 
|  70|0x0000000089400000, 0x0000000089400000, 0x0000000089500000|  0%| F|  |TAMS 0x0000000089400000| PB 0x0000000089400000| Untracked 
|  71|0x0000000089500000, 0x0000000089500000, 0x0000000089600000|  0%| F|  |TAMS 0x0000000089500000| PB 0x0000000089500000| Untracked 
|  72|0x0000000089600000, 0x0000000089600000, 0x0000000089700000|  0%| F|  |TAMS 0x0000000089600000| PB 0x0000000089600000| Untracked 
|  73|0x0000000089700000, 0x0000000089700000, 0x0000000089800000|  0%| F|  |TAMS 0x0000000089700000| PB 0x0000000089700000| Untracked 
|  74|0x0000000089800000, 0x0000000089800000, 0x0000000089900000|  0%| F|  |TAMS 0x0000000089800000| PB 0x0000000089800000| Untracked 
|  75|0x0000000089900000, 0x0000000089900000, 0x0000000089a00000|  0%| F|  |TAMS 0x0000000089900000| PB 0x0000000089900000| Untracked 
|  76|0x0000000089a00000, 0x0000000089a00000, 0x0000000089b00000|  0%| F|  |TAMS 0x0000000089a00000| PB 0x0000000089a00000| Untracked 
|  77|0x0000000089b00000, 0x0000000089b00000, 0x0000000089c00000|  0%| F|  |TAMS 0x0000000089b00000| PB 0x0000000089b00000| Untracked 
|  78|0x0000000089c00000, 0x0000000089c00000, 0x0000000089d00000|  0%| F|  |TAMS 0x0000000089c00000| PB 0x0000000089c00000| Untracked 
|  79|0x0000000089d00000, 0x0000000089d00000, 0x0000000089e00000|  0%| F|  |TAMS 0x0000000089d00000| PB 0x0000000089d00000| Untracked 
|  80|0x0000000089e00000, 0x0000000089e00000, 0x0000000089f00000|  0%| F|  |TAMS 0x0000000089e00000| PB 0x0000000089e00000| Untracked 
|  81|0x0000000089f00000, 0x0000000089f00000, 0x000000008a000000|  0%| F|  |TAMS 0x0000000089f00000| PB 0x0000000089f00000| Untracked 
|  82|0x000000008a000000, 0x000000008a000000, 0x000000008a100000|  0%| F|  |TAMS 0x000000008a000000| PB 0x000000008a000000| Untracked 
|  83|0x000000008a100000, 0x000000008a100000, 0x000000008a200000|  0%| F|  |TAMS 0x000000008a100000| PB 0x000000008a100000| Untracked 
|  84|0x000000008a200000, 0x000000008a200000, 0x000000008a300000|  0%| F|  |TAMS 0x000000008a200000| PB 0x000000008a200000| Untracked 
|  85|0x000000008a300000, 0x000000008a300000, 0x000000008a400000|  0%| F|  |TAMS 0x000000008a300000| PB 0x000000008a300000| Untracked 
|  86|0x000000008a400000, 0x000000008a400000, 0x000000008a500000|  0%| F|  |TAMS 0x000000008a400000| PB 0x000000008a400000| Untracked 
|  87|0x000000008a500000, 0x000000008a500000, 0x000000008a600000|  0%| F|  |TAMS 0x000000008a500000| PB 0x000000008a500000| Untracked 
|  88|0x000000008a600000, 0x000000008a600000, 0x000000008a700000|  0%| F|  |TAMS 0x000000008a600000| PB 0x000000008a600000| Untracked 
|  89|0x000000008a700000, 0x000000008a700000, 0x000000008a800000|  0%| F|  |TAMS 0x000000008a700000| PB 0x000000008a700000| Untracked 
|  90|0x000000008a800000, 0x000000008a800000, 0x000000008a900000|  0%| F|  |TAMS 0x000000008a800000| PB 0x000000008a800000| Untracked 
|  91|0x000000008a900000, 0x000000008a900000, 0x000000008aa00000|  0%| F|  |TAMS 0x000000008a900000| PB 0x000000008a900000| Untracked 
|  92|0x000000008aa00000, 0x000000008aa00000, 0x000000008ab00000|  0%| F|  |TAMS 0x000000008aa00000| PB 0x000000008aa00000| Untracked 
|  93|0x000000008ab00000, 0x000000008ab00000, 0x000000008ac00000|  0%| F|  |TAMS 0x000000008ab00000| PB 0x000000008ab00000| Untracked 
|  94|0x000000008ac00000, 0x000000008ac00000, 0x000000008ad00000|  0%| F|  |TAMS 0x000000008ac00000| PB 0x000000008ac00000| Untracked 
|  95|0x000000008ad00000, 0x000000008ad00000, 0x000000008ae00000|  0%| F|  |TAMS 0x000000008ad00000| PB 0x000000008ad00000| Untracked 
|  96|0x000000008ae00000, 0x000000008ae00000, 0x000000008af00000|  0%| F|  |TAMS 0x000000008ae00000| PB 0x000000008ae00000| Untracked 
|  97|0x000000008af00000, 0x000000008af00000, 0x000000008b000000|  0%| F|  |TAMS 0x000000008af00000| PB 0x000000008af00000| Untracked 
|  98|0x000000008b000000, 0x000000008b000000, 0x000000008b100000|  0%| F|  |TAMS 0x000000008b000000| PB 0x000000008b000000| Untracked 
|  99|0x000000008b100000, 0x000000008b100000, 0x000000008b200000|  0%| F|  |TAMS 0x000000008b100000| PB 0x000000008b100000| Untracked 
| 100|0x000000008b200000, 0x000000008b200000, 0x000000008b300000|  0%| F|  |TAMS 0x000000008b200000| PB 0x000000008b200000| Untracked 
| 101|0x000000008b300000, 0x000000008b3766d0, 0x000000008b400000| 46%| E|  |TAMS 0x000000008b300000| PB 0x000000008b300000| Complete 
| 102|0x000000008b400000, 0x000000008b500000, 0x000000008b500000|100%| E|CS|TAMS 0x000000008b400000| PB 0x000000008b400000| Complete 
| 103|0x000000008b500000, 0x000000008b600000, 0x000000008b600000|100%| E|CS|TAMS 0x000000008b500000| PB 0x000000008b500000| Complete 
| 104|0x000000008b600000, 0x000000008b700000, 0x000000008b700000|100%| E|CS|TAMS 0x000000008b600000| PB 0x000000008b600000| Complete 
| 105|0x000000008b700000, 0x000000008b800000, 0x000000008b800000|100%| E|  |TAMS 0x000000008b700000| PB 0x000000008b700000| Complete 
| 106|0x000000008b800000, 0x000000008b900000, 0x000000008b900000|100%| E|CS|TAMS 0x000000008b800000| PB 0x000000008b800000| Complete 
| 107|0x000000008b900000, 0x000000008ba00000, 0x000000008ba00000|100%| E|CS|TAMS 0x000000008b900000| PB 0x000000008b900000| Complete 
| 108|0x000000008ba00000, 0x000000008bb00000, 0x000000008bb00000|100%| E|CS|TAMS 0x000000008ba00000| PB 0x000000008ba00000| Complete 
| 109|0x000000008bb00000, 0x000000008bc00000, 0x000000008bc00000|100%| E|CS|TAMS 0x000000008bb00000| PB 0x000000008bb00000| Complete 
| 110|0x000000008bc00000, 0x000000008bd00000, 0x000000008bd00000|100%| E|CS|TAMS 0x000000008bc00000| PB 0x000000008bc00000| Complete 
| 111|0x000000008bd00000, 0x000000008be00000, 0x000000008be00000|100%| E|CS|TAMS 0x000000008bd00000| PB 0x000000008bd00000| Complete 
| 112|0x000000008be00000, 0x000000008bf00000, 0x000000008bf00000|100%| E|CS|TAMS 0x000000008be00000| PB 0x000000008be00000| Complete 
| 113|0x000000008bf00000, 0x000000008c000000, 0x000000008c000000|100%| E|CS|TAMS 0x000000008bf00000| PB 0x000000008bf00000| Complete 
| 114|0x000000008c000000, 0x000000008c100000, 0x000000008c100000|100%| E|CS|TAMS 0x000000008c000000| PB 0x000000008c000000| Complete 
| 115|0x000000008c100000, 0x000000008c200000, 0x000000008c200000|100%| E|CS|TAMS 0x000000008c100000| PB 0x000000008c100000| Complete 
| 116|0x000000008c200000, 0x000000008c300000, 0x000000008c300000|100%| E|CS|TAMS 0x000000008c200000| PB 0x000000008c200000| Complete 
| 117|0x000000008c300000, 0x000000008c400000, 0x000000008c400000|100%| E|CS|TAMS 0x000000008c300000| PB 0x000000008c300000| Complete 
| 118|0x000000008c400000, 0x000000008c500000, 0x000000008c500000|100%| E|CS|TAMS 0x000000008c400000| PB 0x000000008c400000| Complete 
| 119|0x000000008c500000, 0x000000008c600000, 0x000000008c600000|100%| E|CS|TAMS 0x000000008c500000| PB 0x000000008c500000| Complete 
| 120|0x000000008c600000, 0x000000008c700000, 0x000000008c700000|100%| E|CS|TAMS 0x000000008c600000| PB 0x000000008c600000| Complete 
| 121|0x000000008c700000, 0x000000008c800000, 0x000000008c800000|100%| E|CS|TAMS 0x000000008c700000| PB 0x000000008c700000| Complete 
| 122|0x000000008c800000, 0x000000008c900000, 0x000000008c900000|100%| E|CS|TAMS 0x000000008c800000| PB 0x000000008c800000| Complete 
| 123|0x000000008c900000, 0x000000008ca00000, 0x000000008ca00000|100%| E|CS|TAMS 0x000000008c900000| PB 0x000000008c900000| Complete 

Card table byte_map: [0x000002612cb20000,0x000002612cf00000] _byte_map_base: 0x000002612c6f9000

Marking Bits: (CMBitMap*) 0x0000026114dd9180
 Bits: [0x000002612cf00000, 0x000002612edc8000)

Polling page: 0x0000026112d10000

Metaspace:

Usage:
  Non-class:      9.74 MB used.
      Class:      1.15 MB used.
       Both:     10.88 MB used.

Virtual space:
  Non-class space:       64.00 MB reserved,       9.88 MB ( 15%) committed,  1 nodes.
      Class space:        1.00 GB reserved,       1.25 MB ( <1%) committed,  1 nodes.
             Both:        1.06 GB reserved,      11.12 MB (  1%) committed. 

Chunk freelists:
   Non-Class:  5.84 MB
       Class:  14.78 MB
        Both:  20.63 MB

MaxMetaspaceSize: unlimited
CompressedClassSpaceSize: 1.00 GB
Initial GC threshold: 21.00 MB
Current GC threshold: 21.00 MB
CDS: on
 - commit_granule_bytes: 65536.
 - commit_granule_words: 8192.
 - virtual_space_node_default_size: 8388608.
 - enlarge_chunks_in_place: 1.
 - use_allocation_guard: 0.


Internal statistics:

num_allocs_failed_limit: 0.
num_arena_births: 110.
num_arena_deaths: 0.
num_vsnodes_births: 2.
num_vsnodes_deaths: 0.
num_space_committed: 178.
num_space_uncommitted: 0.
num_chunks_returned_to_freelist: 0.
num_chunks_taken_from_freelist: 333.
num_chunk_merges: 0.
num_chunk_splits: 240.
num_chunks_enlarged: 182.
num_inconsistent_stats: 0.

CodeHeap 'non-profiled nmethods': size=120000Kb used=484Kb max_used=484Kb free=119515Kb
 bounds [0x0000026124cb0000, 0x0000026124f20000, 0x000002612c1e0000]
CodeHeap 'profiled nmethods': size=120000Kb used=2521Kb max_used=2521Kb free=117478Kb
 bounds [0x000002611d1e0000, 0x000002611d460000, 0x0000026124710000]
CodeHeap 'non-nmethods': size=5760Kb used=1463Kb max_used=1490Kb free=4296Kb
 bounds [0x0000026124710000, 0x0000026124980000, 0x0000026124cb0000]
 total_blobs=1950 nmethods=1404 adapters=451
 compilation: enabled
              stopped_count=0, restarted_count=0
 full_count=0

Compilation events (20 events):
Event: 12.928 Thread 0x000002617717a2d0 nmethod 1349 0x0000026124d25510 code [0x0000026124d25740, 0x0000026124d26088]
Event: 12.928 Thread 0x0000026131a40800 nmethod 1368 0x000002611d43a490 code [0x000002611d43a6c0, 0x000002611d43ae98]
Event: 12.930 Thread 0x0000026131a40800 1369       3       jdk.internal.ref.PhantomCleanable::clean (16 bytes)
Event: 12.930 Thread 0x0000026131a40800 nmethod 1369 0x000002611d43b110 code [0x000002611d43b2e0, 0x000002611d43b5d0]
Event: 12.930 Thread 0x0000026131a40800 1371       3       java.util.zip.ZipEntry::<init> (84 bytes)
Event: 12.930 Thread 0x0000026131a40800 nmethod 1371 0x000002611d43b710 code [0x000002611d43b900, 0x000002611d43be98]
Event: 12.930 Thread 0x0000026131a40800 1374   !   3       jdk.internal.loader.Resource::getBytes (244 bytes)
Event: 12.931 Thread 0x000002617717a2d0 1377       4       java.lang.ref.SoftReference::get (29 bytes)
Event: 12.931 Thread 0x0000026131a40800 nmethod 1374 0x000002611d43c090 code [0x000002611d43c3c0, 0x000002611d43dae8]
Event: 12.933 Thread 0x0000026131a40800 1370       3       jdk.internal.ref.CleanerImpl$PhantomCleanableRef::performCleanup (10 bytes)
Event: 12.933 Thread 0x0000026131a40800 nmethod 1370 0x000002611d43e410 code [0x000002611d43e5c0, 0x000002611d43e798]
Event: 12.933 Thread 0x0000026131a40800 1372       3       jdk.internal.loader.BuiltinClassLoader::getAndVerifyPackage (113 bytes)
Event: 12.934 Thread 0x000002617717a2d0 nmethod 1377 0x0000026124d26610 code [0x0000026124d267a0, 0x0000026124d268d8]
Event: 12.935 Thread 0x0000026131a40800 nmethod 1372 0x000002611d43e890 code [0x000002611d43ebe0, 0x000002611d43fcf0]
Event: 12.935 Thread 0x0000026131a40800 1373       3       java.lang.ClassLoader::getDefinedPackage (36 bytes)
Event: 12.935 Thread 0x0000026131a40800 nmethod 1373 0x000002611d440310 code [0x000002611d440500, 0x000002611d440aa0]
Event: 12.936 Thread 0x0000026131a40800 1375       3       java.lang.ClassLoader::defineClass (43 bytes)
Event: 12.936 Thread 0x0000026131a40800 nmethod 1375 0x000002611d440c90 code [0x000002611d440ea0, 0x000002611d4413c8]
Event: 12.936 Thread 0x0000026131a40800 1376       3       java.util.ArrayDeque::poll (5 bytes)
Event: 12.936 Thread 0x0000026131a40800 nmethod 1376 0x000002611d441610 code [0x000002611d4417c0, 0x000002611d441918]

GC Heap History (0 events):
No events

Dll operation events (10 events):
Event: 0.010 Loaded shared library C:\Program Files\Java\jdk-21\bin\java.dll
Event: 0.071 Loaded shared library C:\Program Files\Java\jdk-21\bin\jsvml.dll
Event: 0.119 Loaded shared library C:\Program Files\Java\jdk-21\bin\jimage.dll
Event: 12.343 Loaded shared library C:\Program Files\Java\jdk-21\bin\net.dll
Event: 12.344 Loaded shared library C:\Program Files\Java\jdk-21\bin\nio.dll
Event: 12.348 Loaded shared library C:\Program Files\Java\jdk-21\bin\zip.dll
Event: 12.364 Loaded shared library C:\Program Files\Java\jdk-21\bin\management.dll
Event: 12.374 Loaded shared library C:\Program Files\Java\jdk-21\bin\management_ext.dll
Event: 12.757 Loaded shared library C:\Program Files\Java\jdk-21\bin\extnet.dll
Event: 12.899 Loaded shared library C:\Program Files\Java\jdk-21\bin\sunmscapi.dll

Deoptimization events (20 events):
Event: 12.882 Thread 0x0000026112b083a0 Uncommon trap: trap_request=0xffffff45 fr.pc=0x0000026124ced4d0 relative=0x00000000000000b0
Event: 12.882 Thread 0x0000026112b083a0 Uncommon trap: reason=unstable_if action=reinterpret pc=0x0000026124ced4d0 method=java.util.HashMap.hash(Ljava/lang/Object;)I @ 1 c2
Event: 12.882 Thread 0x0000026112b083a0 DEOPT PACKING pc=0x0000026124ced4d0 sp=0x000000f50b3fda70
Event: 12.882 Thread 0x0000026112b083a0 DEOPT UNPACKING pc=0x00000261247646a2 sp=0x000000f50b3fda08 mode 2
Event: 12.908 Thread 0x0000026112b083a0 Uncommon trap: trap_request=0xffffffde fr.pc=0x0000026124d1dd54 relative=0x0000000000000834
Event: 12.908 Thread 0x0000026112b083a0 Uncommon trap: reason=class_check action=maybe_recompile pc=0x0000026124d1dd54 method=java.util.HashMap.putVal(ILjava/lang/Object;Ljava/lang/Object;ZZ)Ljava/lang/Object; @ 203 c2
Event: 12.908 Thread 0x0000026112b083a0 DEOPT PACKING pc=0x0000026124d1dd54 sp=0x000000f50b3fd190
Event: 12.908 Thread 0x0000026112b083a0 DEOPT UNPACKING pc=0x00000261247646a2 sp=0x000000f50b3fd110 mode 2
Event: 12.908 Thread 0x0000026112b083a0 Uncommon trap: trap_request=0xffffffde fr.pc=0x0000026124d1dd54 relative=0x0000000000000834
Event: 12.908 Thread 0x0000026112b083a0 Uncommon trap: reason=class_check action=maybe_recompile pc=0x0000026124d1dd54 method=java.util.HashMap.putVal(ILjava/lang/Object;Ljava/lang/Object;ZZ)Ljava/lang/Object; @ 203 c2
Event: 12.908 Thread 0x0000026112b083a0 DEOPT PACKING pc=0x0000026124d1dd54 sp=0x000000f50b3fd190
Event: 12.908 Thread 0x0000026112b083a0 DEOPT UNPACKING pc=0x00000261247646a2 sp=0x000000f50b3fd110 mode 2
Event: 12.909 Thread 0x0000026112b083a0 Uncommon trap: trap_request=0xffffffde fr.pc=0x0000026124d1dd54 relative=0x0000000000000834
Event: 12.909 Thread 0x0000026112b083a0 Uncommon trap: reason=class_check action=maybe_recompile pc=0x0000026124d1dd54 method=java.util.HashMap.putVal(ILjava/lang/Object;Ljava/lang/Object;ZZ)Ljava/lang/Object; @ 203 c2
Event: 12.909 Thread 0x0000026112b083a0 DEOPT PACKING pc=0x0000026124d1dd54 sp=0x000000f50b3fd190
Event: 12.909 Thread 0x0000026112b083a0 DEOPT UNPACKING pc=0x00000261247646a2 sp=0x000000f50b3fd110 mode 2
Event: 12.910 Thread 0x0000026112b083a0 Uncommon trap: trap_request=0xffffffde fr.pc=0x0000026124d1dd54 relative=0x0000000000000834
Event: 12.910 Thread 0x0000026112b083a0 Uncommon trap: reason=class_check action=maybe_recompile pc=0x0000026124d1dd54 method=java.util.HashMap.putVal(ILjava/lang/Object;Ljava/lang/Object;ZZ)Ljava/lang/Object; @ 203 c2
Event: 12.910 Thread 0x0000026112b083a0 DEOPT PACKING pc=0x0000026124d1dd54 sp=0x000000f50b3fd190
Event: 12.910 Thread 0x0000026112b083a0 DEOPT UNPACKING pc=0x00000261247646a2 sp=0x000000f50b3fd110 mode 2

Classes loaded (20 events):
Event: 12.927 Loading class com/sun/crypto/provider/PKCS5Padding
Event: 12.927 Loading class com/sun/crypto/provider/Padding
Event: 12.927 Loading class com/sun/crypto/provider/Padding done
Event: 12.927 Loading class com/sun/crypto/provider/PKCS5Padding done
Event: 12.927 Loading class com/sun/crypto/provider/CipherBlockChaining
Event: 12.927 Loading class com/sun/crypto/provider/CipherBlockChaining done
Event: 12.927 Loading class javax/crypto/spec/SecretKeySpec
Event: 12.927 Loading class javax/crypto/spec/SecretKeySpec done
Event: 12.928 Loading class jdk/internal/access/JavaxCryptoSpecAccess
Event: 12.928 Loading class jdk/internal/access/JavaxCryptoSpecAccess done
Event: 12.929 Loading class javax/crypto/spec/IvParameterSpec
Event: 12.929 Loading class javax/crypto/spec/IvParameterSpec done
Event: 12.929 Loading class sun/security/jca/JCAUtil
Event: 12.929 Loading class sun/security/jca/JCAUtil done
Event: 12.932 Loading class javax/crypto/NullCipher
Event: 12.932 Loading class javax/crypto/NullCipher done
Event: 12.932 Loading class sun/security/util/ArrayUtil
Event: 12.932 Loading class sun/security/util/ArrayUtil done
Event: 12.933 Loading class sun/security/provider/ByteArrayAccess$LE
Event: 12.933 Loading class sun/security/provider/ByteArrayAccess$LE done

Classes unloaded (0 events):
No events

Classes redefined (0 events):
No events

Internal exceptions (19 events):
Event: 12.361 Thread 0x0000026112b083a0 Exception <a 'java/lang/NoSuchMethodError'{0x000000008c7f8230}: 'void java.lang.invoke.DirectMethodHandle$Holder.invokeStaticInit(java.lang.Object)'> (0x000000008c7f8230) 
thrown [s\open\src\hotspot\share\interpreter\linkResolver.cpp, line 773]
Event: 12.378 Thread 0x0000026112b083a0 Exception <a 'java/lang/NoSuchMethodError'{0x000000008c657cf8}: 'int java.lang.invoke.DirectMethodHandle$Holder.invokeInterface(java.lang.Object, java.lang.Object)'> (0x000000008c657cf8) 
thrown [s\open\src\hotspot\share\interpreter\linkResolver.cpp, line 773]
Event: 12.378 Thread 0x0000026112b083a0 Exception <a 'java/lang/IncompatibleClassChangeError'{0x000000008c65b2c0}: Found class java.lang.Object, but interface was expected> (0x000000008c65b2c0) 
thrown [s\open\src\hotspot\share\interpreter\linkResolver.cpp, line 840]
Event: 12.379 Thread 0x0000026112b083a0 Exception <a 'java/lang/NoSuchMethodError'{0x000000008c660bd0}: 'void java.lang.invoke.DirectMethodHandle$Holder.invokeStatic(java.lang.Object, java.lang.Object)'> (0x000000008c660bd0) 
thrown [s\open\src\hotspot\share\interpreter\linkResolver.cpp, line 773]
Event: 12.409 Thread 0x0000026112b083a0 Exception <a 'java/lang/NoSuchMethodError'{0x000000008c5578c0}: 'int java.lang.invoke.DirectMethodHandle$Holder.invokeSpecial(java.lang.Object, java.lang.Object, java.lang.Object)'> (0x000000008c5578c0) 
thrown [s\open\src\hotspot\share\interpreter\linkResolver.cpp, line 773]
Event: 12.442 Thread 0x0000026112b083a0 Exception <a 'java/lang/NoSuchMethodError'{0x000000008c49f5c0}: 'java.lang.Object java.lang.invoke.DirectMethodHandle$Holder.invokeStaticInit(java.lang.Object, java.lang.Object, java.lang.Object)'> (0x000000008c49f5c0) 
thrown [s\open\src\hotspot\share\interpreter\linkResolver.cpp, line 773]
Event: 12.500 Thread 0x0000026112b083a0 Exception <a 'java/lang/NoSuchMethodError'{0x000000008c1640b8}: 'void java.lang.invoke.DirectMethodHandle$Holder.invokeStatic(java.lang.Object, java.lang.Object, java.lang.Object)'> (0x000000008c1640b8) 
thrown [s\open\src\hotspot\share\interpreter\linkResolver.cpp, line 773]
Event: 12.536 Thread 0x0000026112b083a0 Exception <a 'java/lang/NoSuchMethodError'{0x000000008c06c740}: 'java.lang.Object java.lang.invoke.DirectMethodHandle$Holder.invokeInterface(java.lang.Object, java.lang.Object)'> (0x000000008c06c740) 
thrown [s\open\src\hotspot\share\interpreter\linkResolver.cpp, line 773]
Event: 12.556 Thread 0x0000026112b083a0 Exception <a 'java/lang/NoClassDefFoundError'{0x000000008c0d9a48}: oracle/security/pki/OraclePKIProvider> (0x000000008c0d9a48) 
thrown [s\open\src\hotspot\share\classfile\systemDictionary.cpp, line 301]
Event: 12.633 Thread 0x0000026112b083a0 Exception <a 'sun/nio/fs/WindowsException'{0x000000008bc5a128}> (0x000000008bc5a128) 
thrown [s\open\src\hotspot\share\prims\jni.cpp, line 520]
Event: 12.646 Thread 0x0000026112b083a0 Exception <a 'java/lang/NoClassDefFoundError'{0x000000008bcac1e0}: oracle/dms/console/DMSConsole> (0x000000008bcac1e0) 
thrown [s\open\src\hotspot\share\classfile\systemDictionary.cpp, line 301]
Event: 12.666 Thread 0x0000026112b083a0 Exception <a 'java/lang/NoSuchMethodError'{0x000000008bb4b800}: 'int java.lang.invoke.DirectMethodHandle$Holder.invokeStaticInit(java.lang.Object, java.lang.Object)'> (0x000000008bb4b800) 
thrown [s\open\src\hotspot\share\interpreter\linkResolver.cpp, line 773]
Event: 12.692 Thread 0x0000026112b083a0 Exception <a 'java/lang/NoSuchMethodError'{0x000000008bb9ba68}: 'java.lang.Object java.lang.invoke.DirectMethodHandle$Holder.invokeStaticInit(java.lang.Object, int, int, int, int)'> (0x000000008bb9ba68) 
thrown [s\open\src\hotspot\share\interpreter\linkResolver.cpp, line 773]
Event: 12.706 Thread 0x0000026112b083a0 Exception <a 'java/lang/NoSuchMethodError'{0x000000008ba3cc78}: 'java.lang.Object java.lang.invoke.DirectMethodHandle$Holder.invokeStaticInit(java.lang.Object, java.lang.Object, int, int, int, int)'> (0x000000008ba3cc78) 
thrown [s\open\src\hotspot\share\interpreter\linkResolver.cpp, line 773]
Event: 12.788 Thread 0x0000026112b083a0 Exception <a 'java/lang/NoSuchMethodError'{0x000000008b9c4dc8}: 'int java.lang.invoke.DirectMethodHandle$Holder.invokeSpecialIFC(java.lang.Object, java.lang.Object, java.lang.Object)'> (0x000000008b9c4dc8) 
thrown [s\open\src\hotspot\share\interpreter\linkResolver.cpp, line 773]
Event: 12.800 Thread 0x0000026112b083a0 Exception <a 'java/lang/NoSuchMethodError'{0x000000008b827208}: 'java.lang.Object java.lang.invoke.DirectMethodHandle$Holder.invokeVirtual(java.lang.Object, java.lang.Object, int)'> (0x000000008b827208) 
thrown [s\open\src\hotspot\share\interpreter\linkResolver.cpp, line 773]
Event: 12.882 Thread 0x0000026112b083a0 Implicit null exception at 0x0000026124d0448d to 0x0000026124d04d30
Event: 12.882 Thread 0x0000026112b083a0 Implicit null exception at 0x0000026124ced43d to 0x0000026124ced4c1
Event: 12.928 Thread 0x0000026112b083a0 Exception <a 'java/lang/NoSuchMethodError'{0x000000008b591028}: 'void java.lang.invoke.DirectMethodHandle$Holder.invokeVirtual(java.lang.Object, java.lang.Object)'> (0x000000008b591028) 
thrown [s\open\src\hotspot\share\interpreter\linkResolver.cpp, line 773]

ZGC Phase Switch (0 events):
No events

VM Operations (18 events):
Event: 1.060 Executing VM operation: Cleanup
Event: 1.060 Executing VM operation: Cleanup done
Event: 2.076 Executing VM operation: Cleanup
Event: 2.076 Executing VM operation: Cleanup done
Event: 12.349 Executing VM operation: HandshakeAllThreads (Deoptimize)
Event: 12.349 Executing VM operation: HandshakeAllThreads (Deoptimize) done
Event: 12.349 Executing VM operation: Cleanup
Event: 12.349 Executing VM operation: Cleanup done
Event: 12.527 Executing VM operation: HandshakeAllThreads (Deoptimize)
Event: 12.527 Executing VM operation: HandshakeAllThreads (Deoptimize) done
Event: 12.638 Executing VM operation: HandshakeAllThreads (Deoptimize)
Event: 12.638 Executing VM operation: HandshakeAllThreads (Deoptimize) done
Event: 12.655 Executing VM operation: HandshakeAllThreads (Deoptimize)
Event: 12.655 Executing VM operation: HandshakeAllThreads (Deoptimize) done
Event: 12.668 Executing VM operation: HandshakeAllThreads (Deoptimize)
Event: 12.668 Executing VM operation: HandshakeAllThreads (Deoptimize) done
Event: 12.843 Executing VM operation: ICBufferFull
Event: 12.843 Executing VM operation: ICBufferFull done

Events (15 events):
Event: 0.040 Thread 0x0000026112b083a0 Thread added: 0x0000026112b083a0
Event: 0.067 Thread 0x0000026131a09c50 Thread added: 0x0000026131a09c50
Event: 0.068 Thread 0x0000026131a0cd80 Thread added: 0x0000026131a0cd80
Event: 0.068 Thread 0x0000026131a11f60 Thread added: 0x0000026131a11f60
Event: 0.068 Thread 0x0000026131a14ba0 Thread added: 0x0000026131a14ba0
Event: 0.068 Thread 0x0000026131a15b60 Thread added: 0x0000026131a15b60
Event: 0.068 Thread 0x0000026131a16c50 Thread added: 0x0000026131a16c50
Event: 0.069 Thread 0x0000026131a1ded0 Thread added: 0x0000026131a1ded0
Event: 0.069 Thread 0x0000026131a40800 Thread added: 0x0000026131a40800
Event: 0.089 Thread 0x0000026131cbb260 Thread added: 0x0000026131cbb260
Event: 0.093 Thread 0x0000026131cc16f0 Thread added: 0x0000026131cc16f0
Event: 12.438 Thread 0x0000026131f2e3b0 Thread added: 0x0000026131f2e3b0
Event: 12.532 Thread 0x000002617717a2d0 Thread added: 0x000002617717a2d0
Event: 12.651 Thread 0x000002617758ca10 Thread added: 0x000002617758ca10
Event: 12.775 Thread 0x00000261776e1f30 Thread added: 0x00000261776e1f30


Dynamic libraries:
0x00007ff79c130000 - 0x00007ff79c140000 	C:\Program Files\Java\jdk-21\bin\javaw.exe
0x00007ff82aef0000 - 0x00007ff82b107000 	C:\Windows\SYSTEM32\ntdll.dll
0x00007ff8299b0000 - 0x00007ff829a74000 	C:\Windows\System32\KERNEL32.DLL
0x00007ff8287d0000 - 0x00007ff828b76000 	C:\Windows\System32\KERNELBASE.dll
0x00007ff828610000 - 0x00007ff828721000 	C:\Windows\System32\ucrtbase.dll
0x00007fffd5d00000 - 0x00007fffd5d1b000 	C:\Program Files\Java\jdk-21\bin\VCRUNTIME140.dll
0x00007fffd5ce0000 - 0x00007fffd5cf9000 	C:\Program Files\Java\jdk-21\bin\jli.dll
0x00007ff829230000 - 0x00007ff8292e3000 	C:\Windows\System32\ADVAPI32.dll
0x00007ff82ad70000 - 0x00007ff82ae17000 	C:\Windows\System32\msvcrt.dll
0x00007ff828c40000 - 0x00007ff828ce8000 	C:\Windows\System32\sechost.dll
0x00007ff8282e0000 - 0x00007ff828308000 	C:\Windows\System32\bcrypt.dll
0x00007ff82ab90000 - 0x00007ff82aca7000 	C:\Windows\System32\RPCRT4.dll
0x00007ff8294f0000 - 0x00007ff82969e000 	C:\Windows\System32\USER32.dll
0x00007ff828230000 - 0x00007ff828256000 	C:\Windows\System32\win32u.dll
0x00007ff82ad30000 - 0x00007ff82ad59000 	C:\Windows\System32\GDI32.dll
0x00007ff828310000 - 0x00007ff828428000 	C:\Windows\System32\gdi32full.dll
0x00007ff828730000 - 0x00007ff8287ca000 	C:\Windows\System32\msvcp_win.dll
0x00007ff809400000 - 0x00007ff809693000 	C:\Windows\WinSxS\amd64_microsoft.windows.common-controls_6595b64144ccf1df_6.0.22621.2506_none_270c5ae97388e100\COMCTL32.dll
0x00007ff813510000 - 0x00007ff81351a000 	C:\Windows\SYSTEM32\VERSION.dll
0x00007ff82a5f0000 - 0x00007ff82a621000 	C:\Windows\System32\IMM32.DLL
0x00007fffd6e00000 - 0x00007fffd6e0c000 	C:\Program Files\Java\jdk-21\bin\vcruntime140_1.dll
0x00007fffd4e90000 - 0x00007fffd4f1e000 	C:\Program Files\Java\jdk-21\bin\msvcp140.dll
0x00007fff87180000 - 0x00007fff87e95000 	C:\Program Files\Java\jdk-21\bin\server\jvm.dll
0x00007ff8293f0000 - 0x00007ff829461000 	C:\Windows\System32\WS2_32.dll
0x00007ff828050000 - 0x00007ff82809d000 	C:\Windows\SYSTEM32\POWRPROF.dll
0x00007ff820030000 - 0x00007ff820064000 	C:\Windows\SYSTEM32\WINMM.dll
0x00007ff827f30000 - 0x00007ff827f43000 	C:\Windows\SYSTEM32\UMPDC.dll
0x00007ff827240000 - 0x00007ff827258000 	C:\Windows\SYSTEM32\kernel.appcore.dll
0x00007fffd5cd0000 - 0x00007fffd5cda000 	C:\Program Files\Java\jdk-21\bin\jimage.dll
0x00007ff8258f0000 - 0x00007ff825b23000 	C:\Windows\SYSTEM32\DBGHELP.DLL
0x00007ff828e90000 - 0x00007ff829219000 	C:\Windows\System32\combase.dll
0x00007ff82aab0000 - 0x00007ff82ab87000 	C:\Windows\System32\OLEAUT32.dll
0x00007ff80db80000 - 0x00007ff80dbb2000 	C:\Windows\SYSTEM32\dbgcore.DLL
0x00007ff828260000 - 0x00007ff8282da000 	C:\Windows\System32\bcryptPrimitives.dll
0x00007fffd5cb0000 - 0x00007fffd5ccf000 	C:\Program Files\Java\jdk-21\bin\java.dll
0x00007ff829b30000 - 0x00007ff82a38b000 	C:\Windows\System32\SHELL32.dll
0x00007ff826140000 - 0x00007ff826a36000 	C:\Windows\SYSTEM32\windows.storage.dll
0x00007ff826000000 - 0x00007ff82613e000 	C:\Windows\SYSTEM32\wintypes.dll
0x00007ff8292f0000 - 0x00007ff8293e3000 	C:\Windows\System32\SHCORE.dll
0x00007ff829740000 - 0x00007ff82979e000 	C:\Windows\System32\shlwapi.dll
0x00007ff828160000 - 0x00007ff828186000 	C:\Windows\SYSTEM32\profapi.dll
0x00007fffd1980000 - 0x00007fffd1a57000 	C:\Program Files\Java\jdk-21\bin\jsvml.dll
0x00007fffd5ca0000 - 0x00007fffd5cb0000 	C:\Program Files\Java\jdk-21\bin\net.dll
0x00007ff822710000 - 0x00007ff822847000 	C:\Windows\SYSTEM32\WINHTTP.dll
0x00007ff8276d0000 - 0x00007ff827739000 	C:\Windows\system32\mswsock.dll
0x00007fffd5c80000 - 0x00007fffd5c96000 	C:\Program Files\Java\jdk-21\bin\nio.dll
0x00007fffd1690000 - 0x00007fffd16a8000 	C:\Program Files\Java\jdk-21\bin\zip.dll
0x00007fffd9b80000 - 0x00007fffd9b8a000 	C:\Program Files\Java\jdk-21\bin\management.dll
0x00007fffd7210000 - 0x00007fffd721b000 	C:\Program Files\Java\jdk-21\bin\management_ext.dll
0x00007ff829220000 - 0x00007ff829228000 	C:\Windows\System32\PSAPI.DLL
0x00007ff827940000 - 0x00007ff82795b000 	C:\Windows\SYSTEM32\CRYPTSP.dll
0x00007ff8271a0000 - 0x00007ff8271d5000 	C:\Windows\system32\rsaenh.dll
0x00007ff8277e0000 - 0x00007ff82780c000 	C:\Windows\SYSTEM32\USERENV.dll
0x00007ff827960000 - 0x00007ff82796c000 	C:\Windows\SYSTEM32\CRYPTBASE.dll
0x00007ff826ca0000 - 0x00007ff826ccd000 	C:\Windows\SYSTEM32\IPHLPAPI.DLL
0x00007ff8296c0000 - 0x00007ff8296c9000 	C:\Windows\System32\NSI.dll
0x00007ff826cd0000 - 0x00007ff826dc9000 	C:\Windows\SYSTEM32\DNSAPI.dll
0x0000000063560000 - 0x0000000063569000 	C:\Program Files\National Instruments\Shared\mDNS Responder\nimdnsNSP.dll
0x0000000063550000 - 0x000000006355e000 	C:\Windows\SYSTEM32\nimdnsResponder.dll
0x000000006db60000 - 0x000000006dc03000 	C:\Windows\WinSxS\amd64_microsoft.vc90.crt_1fc8b3b9a1e18e3b_9.0.30729.9635_none_08e2c157a83ed5da\MSVCR90.dll
0x00007ff81ee40000 - 0x00007ff81ee4a000 	C:\Windows\System32\rasadhlp.dll
0x00007ff81f430000 - 0x00007ff81f4b3000 	C:\Windows\System32\fwpuclnt.dll
0x00007fffd7200000 - 0x00007fffd7207000 	C:\Program Files\Java\jdk-21\bin\extnet.dll
0x00007ff8066e0000 - 0x00007ff8066f7000 	C:\Windows\system32\napinsp.dll
0x00007ff806600000 - 0x00007ff80661b000 	C:\Windows\system32\pnrpnsp.dll
0x00007ff8065e0000 - 0x00007ff8065f1000 	C:\Windows\System32\winrnr.dll
0x00007ff8065c0000 - 0x00007ff8065d5000 	C:\Windows\system32\wshbth.dll
0x00007ff806570000 - 0x00007ff806591000 	C:\Windows\system32\nlansp_c.dll
0x00007fffd1c90000 - 0x00007fffd1c9e000 	C:\Program Files\Java\jdk-21\bin\sunmscapi.dll
0x00007ff8284a0000 - 0x00007ff828606000 	C:\Windows\System32\CRYPT32.dll
0x00007ff827b00000 - 0x00007ff827b2e000 	C:\Windows\SYSTEM32\ncrypt.dll
0x00007ff827ac0000 - 0x00007ff827af7000 	C:\Windows\SYSTEM32\NTASN1.dll

dbghelp: loaded successfully - version: 4.0.5 - missing functions: none
symbol engine: initialized successfully - sym options: 0x614 - pdb path: .;C:\Program Files\Java\jdk-21\bin;C:\Windows\SYSTEM32;C:\Windows\WinSxS\amd64_microsoft.windows.common-controls_6595b64144ccf1df_6.0.22621.2506_none_270c5ae97388e100;C:\Program Files\Java\jdk-21\bin\server;C:\Program Files\National Instruments\Shared\mDNS Responder;C:\Windows\WinSxS\amd64_microsoft.vc90.crt_1fc8b3b9a1e18e3b_9.0.30729.9635_none_08e2c157a83ed5da

VM Arguments:
jvm_args: -Dfile.encoding=UTF-8 -Dstdout.encoding=UTF-8 -Dstderr.encoding=UTF-8 -XX:+ShowCodeDetailsInExceptionMessages 
java_command: com.hallbookingdriver.Driver
java_class_path (initial): C:\Users\SM\eclipse-workspace\hallBooking\target\classes;C:\Users\SM\.m2\repository\com\oracle\database\jdbc\ojdbc8\21.9.0.0\ojdbc8-21.9.0.0.jar
Launcher Type: SUN_STANDARD

[Global flags]
     intx CICompilerCount                          = 4                                         {product} {ergonomic}
     uint ConcGCThreads                            = 3                                         {product} {ergonomic}
     uint G1ConcRefinementThreads                  = 10                                        {product} {ergonomic}
   size_t G1HeapRegionSize                         = 1048576                                   {product} {ergonomic}
    uintx GCDrainStackTargetSize                   = 64                                        {product} {ergonomic}
   size_t InitialHeapSize                          = 130023424                                 {product} {ergonomic}
   size_t MarkStackSize                            = 4194304                                   {product} {ergonomic}
   size_t MaxHeapSize                              = 2065694720                                {product} {ergonomic}
   size_t MaxNewSize                               = 1239416832                                {product} {ergonomic}
   size_t MinHeapDeltaBytes                        = 1048576                                   {product} {ergonomic}
   size_t MinHeapSize                              = 8388608                                   {product} {ergonomic}
    uintx NonNMethodCodeHeapSize                   = 5839372                                {pd product} {ergonomic}
    uintx NonProfiledCodeHeapSize                  = 122909434                              {pd product} {ergonomic}
    uintx ProfiledCodeHeapSize                     = 122909434                              {pd product} {ergonomic}
    uintx ReservedCodeCacheSize                    = 251658240                              {pd product} {ergonomic}
     bool SegmentedCodeCache                       = true                                      {product} {ergonomic}
     bool ShowCodeDetailsInExceptionMessages       = true                                   {manageable} {command line}
   size_t SoftMaxHeapSize                          = 2065694720                             {manageable} {ergonomic}
     bool UseCompressedOops                        = true                           {product lp64_product} {ergonomic}
     bool UseG1GC                                  = true                                      {product} {ergonomic}
     bool UseLargePagesIndividualAllocation        = false                                  {pd product} {ergonomic}

Logging:
Log output configuration:
 #0: stdout all=warning uptime,level,tags foldmultilines=false
 #1: stderr all=off uptime,level,tags foldmultilines=false

Environment Variables:
PATH=C:\oraclexe\app\oracle\product\11.2.0\server\bin;C:\Oracle\dbhomeXE\bin;C:\Program Files\Common Files\Oracle\Java\javapath;C:\Windows\system32;C:\Windows;C:\Windows\System32\Wbem;C:\Windows\System32\WindowsPowerShell\v1.0\;C:\Windows\System32\OpenSSH\;C:\Program Files\dotnet\;C:\Program Files\Java\jdk-17\bin;C:\Program Files\MySQL\MySQL Server 8.0\bin;C:\Program Files\Git\cmd;C:\Program Files\MySQL\MySQL Shell 8.0\bin\;C:\Users\SM\AppData\Local\Microsoft\WindowsApps;C:\Users\SM\AppData\Local\Programs\Microsoft VS Code\bin;C:\Program Files\Java\jdk-17\bin;C:\Program Files\MySQL\MySQL Server 8.0\bin;
USERNAME=SM
OS=Windows_NT
PROCESSOR_IDENTIFIER=Intel64 Family 6 Model 154 Stepping 4, GenuineIntel
TMP=C:\Users\SM\AppData\Local\Temp
TEMP=C:\Users\SM\AppData\Local\Temp




Periodic native trim disabled

---------------  S Y S T E M  ---------------

OS:
 Windows 11 , 64 bit Build 22621 (10.0.22621.3085)
OS uptime: 1 days 6:16 hours
Hyper-V role detected

CPU: total 12 (initial active 12) (6 cores per cpu, 2 threads per core) family 6 model 154 stepping 4 microcode 0x42c, cx8, cmov, fxsr, ht, mmx, 3dnowpref, sse, sse2, sse3, ssse3, sse4.1, sse4.2, popcnt, lzcnt, tsc, tscinvbit, avx, avx2, aes, erms, clmul, bmi1, bmi2, adx, sha, fma, vzeroupper, clflush, clflushopt, clwb, hv, serialize, rdtscp, rdpid, fsrm, f16c, cet_ibt, cet_ss
Processor Information for processor 0
  Max Mhz: 1300, Current Mhz: 1300, Mhz Limit: 1300
Processor Information for processor 1
  Max Mhz: 1300, Current Mhz: 1300, Mhz Limit: 1300
Processor Information for processor 2
  Max Mhz: 1300, Current Mhz: 1300, Mhz Limit: 1300
Processor Information for processor 3
  Max Mhz: 1300, Current Mhz: 1300, Mhz Limit: 1300
Processor Information for processor 4
  Max Mhz: 1300, Current Mhz: 900, Mhz Limit: 897
Processor Information for processor 5
  Max Mhz: 1300, Current Mhz: 900, Mhz Limit: 897
Processor Information for processor 6
  Max Mhz: 1300, Current Mhz: 900, Mhz Limit: 897
Processor Information for processor 7
  Max Mhz: 1300, Current Mhz: 900, Mhz Limit: 897
Processor Information for processor 8
  Max Mhz: 1300, Current Mhz: 900, Mhz Limit: 897
Processor Information for processor 9
  Max Mhz: 1300, Current Mhz: 900, Mhz Limit: 897
Processor Information for processor 10
  Max Mhz: 1300, Current Mhz: 900, Mhz Limit: 897
Processor Information for processor 11
  Max Mhz: 1300, Current Mhz: 900, Mhz Limit: 897

Memory: 4k page, system-wide physical 7876M (582M free)
TotalPageFile size 27933M (AvailPageFile size 0M)
current process WorkingSet (physical memory assigned to process): 88M, peak: 88M
current process commit charge ("private bytes"): 234M, peak: 234M

vm_info: Java HotSpot(TM) 64-Bit Server VM (21.0.1+12-LTS-29) for windows-amd64 JRE (21.0.1+12-LTS-29), built on 2023-10-05T13:27:09Z by "mach5one" with MS VC++ 17.1 (VS2022)

END.
